{"/home/runner/work/Government_Shutdown_Interactive_Dashboard/Government_Shutdown_Interactive_Dashboard/backend/server.js": {"path":"/home/runner/work/Government_Shutdown_Interactive_Dashboard/Government_Shutdown_Interactive_Dashboard/backend/server.js","statementMap":{"0":{"start":{"line":15,"column":0},"end":{"line":15,"column":35}},"1":{"start":{"line":18,"column":0},"end":{"line":21,"column":1}},"2":{"start":{"line":19,"column":2},"end":{"line":19,"column":91}},"3":{"start":{"line":20,"column":2},"end":{"line":20,"column":18}},"4":{"start":{"line":24,"column":17},"end":{"line":24,"column":100}},"5":{"start":{"line":25,"column":15},"end":{"line":31,"column":2}},"6":{"start":{"line":33,"column":12},"end":{"line":33,"column":21}},"7":{"start":{"line":34,"column":13},"end":{"line":34,"column":37}},"8":{"start":{"line":35,"column":17},"end":{"line":35,"column":54}},"9":{"start":{"line":36,"column":21},"end":{"line":36,"column":46}},"10":{"start":{"line":39,"column":23},"end":{"line":41,"column":59}},"11":{"start":{"line":43,"column":0},"end":{"line":45,"column":1}},"12":{"start":{"line":44,"column":2},"end":{"line":44,"column":85}},"13":{"start":{"line":48,"column":14},"end":{"line":48,"column":63}},"14":{"start":{"line":51,"column":0},"end":{"line":66,"column":4}},"15":{"start":{"line":69,"column":0},"end":{"line":69,"column":30}},"16":{"start":{"line":72,"column":0},"end":{"line":95,"column":4}},"17":{"start":{"line":75,"column":4},"end":{"line":75,"column":45}},"18":{"start":{"line":75,"column":17},"end":{"line":75,"column":45}},"19":{"start":{"line":77,"column":4},"end":{"line":92,"column":5}},"20":{"start":{"line":79,"column":6},"end":{"line":84,"column":7}},"21":{"start":{"line":80,"column":8},"end":{"line":80,"column":29}},"22":{"start":{"line":82,"column":8},"end":{"line":82,"column":81}},"23":{"start":{"line":83,"column":8},"end":{"line":83,"column":51}},"24":{"start":{"line":87,"column":6},"end":{"line":91,"column":7}},"25":{"start":{"line":88,"column":8},"end":{"line":88,"column":29}},"26":{"start":{"line":90,"column":8},"end":{"line":90,"column":51}},"27":{"start":{"line":98,"column":0},"end":{"line":98,"column":42}},"28":{"start":{"line":101,"column":16},"end":{"line":115,"column":2}},"29":{"start":{"line":108,"column":4},"end":{"line":108,"column":55}},"30":{"start":{"line":109,"column":4},"end":{"line":113,"column":7}},"31":{"start":{"line":117,"column":0},"end":{"line":117,"column":26}},"32":{"start":{"line":120,"column":22},"end":{"line":120,"column":26}},"33":{"start":{"line":123,"column":0},"end":{"line":129,"column":3}},"34":{"start":{"line":124,"column":2},"end":{"line":128,"column":5}},"35":{"start":{"line":135,"column":0},"end":{"line":162,"column":3}},"36":{"start":{"line":136,"column":18},"end":{"line":159,"column":3}},"37":{"start":{"line":161,"column":2},"end":{"line":161,"column":61}},"38":{"start":{"line":169,"column":0},"end":{"line":199,"column":3}},"39":{"start":{"line":170,"column":2},"end":{"line":198,"column":3}},"40":{"start":{"line":172,"column":23},"end":{"line":172,"column":45}},"41":{"start":{"line":173,"column":4},"end":{"line":179,"column":5}},"42":{"start":{"line":174,"column":6},"end":{"line":178,"column":9}},"43":{"start":{"line":182,"column":22},"end":{"line":182,"column":44}},"44":{"start":{"line":185,"column":4},"end":{"line":185,"column":38}},"45":{"start":{"line":187,"column":4},"end":{"line":191,"column":7}},"46":{"start":{"line":193,"column":4},"end":{"line":193,"column":90}},"47":{"start":{"line":194,"column":4},"end":{"line":197,"column":7}},"48":{"start":{"line":206,"column":0},"end":{"line":260,"column":3}},"49":{"start":{"line":213,"column":17},"end":{"line":213,"column":38}},"50":{"start":{"line":214,"column":2},"end":{"line":219,"column":3}},"51":{"start":{"line":215,"column":4},"end":{"line":218,"column":7}},"52":{"start":{"line":221,"column":2},"end":{"line":259,"column":3}},"53":{"start":{"line":222,"column":19},"end":{"line":222,"column":42}},"54":{"start":{"line":223,"column":21},"end":{"line":223,"column":59}},"55":{"start":{"line":226,"column":23},"end":{"line":226,"column":42}},"56":{"start":{"line":227,"column":4},"end":{"line":233,"column":5}},"57":{"start":{"line":228,"column":6},"end":{"line":232,"column":9}},"58":{"start":{"line":236,"column":20},"end":{"line":240,"column":5}},"59":{"start":{"line":242,"column":21},"end":{"line":242,"column":53}},"60":{"start":{"line":245,"column":4},"end":{"line":245,"column":40}},"61":{"start":{"line":247,"column":4},"end":{"line":251,"column":7}},"62":{"start":{"line":253,"column":4},"end":{"line":253,"column":85}},"63":{"start":{"line":254,"column":4},"end":{"line":258,"column":7}},"64":{"start":{"line":266,"column":0},"end":{"line":306,"column":3}},"65":{"start":{"line":267,"column":2},"end":{"line":305,"column":3}},"66":{"start":{"line":268,"column":19},"end":{"line":268,"column":42}},"67":{"start":{"line":269,"column":21},"end":{"line":269,"column":32}},"68":{"start":{"line":272,"column":23},"end":{"line":272,"column":42}},"69":{"start":{"line":273,"column":4},"end":{"line":279,"column":5}},"70":{"start":{"line":274,"column":6},"end":{"line":278,"column":9}},"71":{"start":{"line":282,"column":20},"end":{"line":286,"column":5}},"72":{"start":{"line":288,"column":21},"end":{"line":288,"column":61}},"73":{"start":{"line":291,"column":4},"end":{"line":291,"column":40}},"74":{"start":{"line":293,"column":4},"end":{"line":297,"column":7}},"75":{"start":{"line":299,"column":4},"end":{"line":299,"column":95}},"76":{"start":{"line":300,"column":4},"end":{"line":304,"column":7}},"77":{"start":{"line":313,"column":0},"end":{"line":323,"column":3}},"78":{"start":{"line":314,"column":19},"end":{"line":314,"column":29}},"79":{"start":{"line":317,"column":2},"end":{"line":322,"column":5}},"80":{"start":{"line":330,"column":0},"end":{"line":396,"column":3}},"81":{"start":{"line":337,"column":17},"end":{"line":337,"column":38}},"82":{"start":{"line":338,"column":2},"end":{"line":343,"column":3}},"83":{"start":{"line":339,"column":4},"end":{"line":342,"column":7}},"84":{"start":{"line":345,"column":2},"end":{"line":395,"column":3}},"85":{"start":{"line":346,"column":48},"end":{"line":346,"column":56}},"86":{"start":{"line":349,"column":34},"end":{"line":349,"column":37}},"87":{"start":{"line":350,"column":31},"end":{"line":350,"column":34}},"88":{"start":{"line":351,"column":20},"end":{"line":351,"column":45}},"89":{"start":{"line":354,"column":25},"end":{"line":354,"column":67}},"90":{"start":{"line":357,"column":24},"end":{"line":357,"column":57}},"91":{"start":{"line":360,"column":22},"end":{"line":360,"column":36}},"92":{"start":{"line":361,"column":22},"end":{"line":361,"column":53}},"93":{"start":{"line":364,"column":29},"end":{"line":364,"column":47}},"94":{"start":{"line":366,"column":19},"end":{"line":386,"column":5}},"95":{"start":{"line":388,"column":4},"end":{"line":388,"column":21}},"96":{"start":{"line":390,"column":4},"end":{"line":390,"column":92}},"97":{"start":{"line":391,"column":4},"end":{"line":394,"column":7}},"98":{"start":{"line":399,"column":0},"end":{"line":403,"column":4}},"99":{"start":{"line":406,"column":0},"end":{"line":420,"column":3}},"100":{"start":{"line":407,"column":2},"end":{"line":419,"column":5}},"101":{"start":{"line":423,"column":0},"end":{"line":429,"column":3}},"102":{"start":{"line":424,"column":2},"end":{"line":424,"column":73}},"103":{"start":{"line":425,"column":2},"end":{"line":428,"column":5}},"104":{"start":{"line":432,"column":0},"end":{"line":441,"column":3}},"105":{"start":{"line":433,"column":2},"end":{"line":433,"column":62}},"106":{"start":{"line":434,"column":2},"end":{"line":436,"column":3}},"107":{"start":{"line":435,"column":4},"end":{"line":435,"column":27}},"108":{"start":{"line":437,"column":2},"end":{"line":440,"column":5}},"109":{"start":{"line":438,"column":4},"end":{"line":438,"column":38}},"110":{"start":{"line":439,"column":4},"end":{"line":439,"column":20}},"111":{"start":{"line":443,"column":0},"end":{"line":452,"column":3}},"112":{"start":{"line":444,"column":2},"end":{"line":444,"column":61}},"113":{"start":{"line":445,"column":2},"end":{"line":447,"column":3}},"114":{"start":{"line":446,"column":4},"end":{"line":446,"column":27}},"115":{"start":{"line":448,"column":2},"end":{"line":451,"column":5}},"116":{"start":{"line":449,"column":4},"end":{"line":449,"column":38}},"117":{"start":{"line":450,"column":4},"end":{"line":450,"column":20}},"118":{"start":{"line":456,"column":0},"end":{"line":489,"column":1}},"119":{"start":{"line":457,"column":2},"end":{"line":488,"column":5}},"120":{"start":{"line":458,"column":4},"end":{"line":463,"column":59}},"121":{"start":{"line":465,"column":4},"end":{"line":465,"column":62}},"122":{"start":{"line":466,"column":4},"end":{"line":466,"column":58}},"123":{"start":{"line":467,"column":4},"end":{"line":467,"column":58}},"124":{"start":{"line":468,"column":4},"end":{"line":468,"column":105}},"125":{"start":{"line":469,"column":4},"end":{"line":469,"column":56}},"126":{"start":{"line":470,"column":4},"end":{"line":470,"column":49}},"127":{"start":{"line":471,"column":4},"end":{"line":471,"column":45}},"128":{"start":{"line":472,"column":4},"end":{"line":472,"column":35}},"129":{"start":{"line":473,"column":4},"end":{"line":473,"column":40}},"130":{"start":{"line":474,"column":4},"end":{"line":474,"column":42}},"131":{"start":{"line":475,"column":4},"end":{"line":475,"column":37}},"132":{"start":{"line":476,"column":4},"end":{"line":476,"column":47}},"133":{"start":{"line":477,"column":4},"end":{"line":477,"column":46}},"134":{"start":{"line":478,"column":4},"end":{"line":478,"column":44}},"135":{"start":{"line":481,"column":4},"end":{"line":487,"column":5}},"136":{"start":{"line":482,"column":6},"end":{"line":482,"column":84}},"137":{"start":{"line":483,"column":6},"end":{"line":483,"column":63}},"138":{"start":{"line":485,"column":6},"end":{"line":485,"column":86}},"139":{"start":{"line":486,"column":6},"end":{"line":486,"column":74}}},"fnMap":{"0":{"name":"(anonymous_0)","decl":{"start":{"line":73,"column":10},"end":{"line":73,"column":11}},"loc":{"start":{"line":73,"column":32},"end":{"line":93,"column":3}},"line":73},"1":{"name":"(anonymous_1)","decl":{"start":{"line":107,"column":11},"end":{"line":107,"column":12}},"loc":{"start":{"line":107,"column":25},"end":{"line":114,"column":3}},"line":107},"2":{"name":"(anonymous_2)","decl":{"start":{"line":123,"column":19},"end":{"line":123,"column":20}},"loc":{"start":{"line":123,"column":33},"end":{"line":129,"column":1}},"line":123},"3":{"name":"(anonymous_3)","decl":{"start":{"line":135,"column":24},"end":{"line":135,"column":25}},"loc":{"start":{"line":135,"column":38},"end":{"line":162,"column":1}},"line":135},"4":{"name":"(anonymous_4)","decl":{"start":{"line":169,"column":26},"end":{"line":169,"column":27}},"loc":{"start":{"line":169,"column":46},"end":{"line":199,"column":1}},"line":169},"5":{"name":"(anonymous_5)","decl":{"start":{"line":211,"column":3},"end":{"line":211,"column":4}},"loc":{"start":{"line":211,"column":23},"end":{"line":260,"column":1}},"line":211},"6":{"name":"(anonymous_6)","decl":{"start":{"line":266,"column":31},"end":{"line":266,"column":32}},"loc":{"start":{"line":266,"column":51},"end":{"line":306,"column":1}},"line":266},"7":{"name":"(anonymous_7)","decl":{"start":{"line":313,"column":30},"end":{"line":313,"column":31}},"loc":{"start":{"line":313,"column":44},"end":{"line":323,"column":1}},"line":313},"8":{"name":"(anonymous_8)","decl":{"start":{"line":335,"column":3},"end":{"line":335,"column":4}},"loc":{"start":{"line":335,"column":17},"end":{"line":396,"column":1}},"line":335},"9":{"name":"(anonymous_9)","decl":{"start":{"line":406,"column":8},"end":{"line":406,"column":9}},"loc":{"start":{"line":406,"column":22},"end":{"line":420,"column":1}},"line":406},"10":{"name":"(anonymous_10)","decl":{"start":{"line":423,"column":8},"end":{"line":423,"column":9}},"loc":{"start":{"line":423,"column":33},"end":{"line":429,"column":1}},"line":423},"11":{"name":"(anonymous_11)","decl":{"start":{"line":432,"column":22},"end":{"line":432,"column":23}},"loc":{"start":{"line":432,"column":28},"end":{"line":441,"column":1}},"line":432},"12":{"name":"(anonymous_12)","decl":{"start":{"line":437,"column":15},"end":{"line":437,"column":16}},"loc":{"start":{"line":437,"column":21},"end":{"line":440,"column":3}},"line":437},"13":{"name":"(anonymous_13)","decl":{"start":{"line":443,"column":21},"end":{"line":443,"column":22}},"loc":{"start":{"line":443,"column":27},"end":{"line":452,"column":1}},"line":443},"14":{"name":"(anonymous_14)","decl":{"start":{"line":448,"column":15},"end":{"line":448,"column":16}},"loc":{"start":{"line":448,"column":21},"end":{"line":451,"column":3}},"line":448},"15":{"name":"(anonymous_15)","decl":{"start":{"line":457,"column":28},"end":{"line":457,"column":29}},"loc":{"start":{"line":457,"column":34},"end":{"line":488,"column":3}},"line":457}},"branchMap":{"0":{"loc":{"start":{"line":18,"column":0},"end":{"line":21,"column":1}},"type":"if","locations":[{"start":{"line":18,"column":0},"end":{"line":21,"column":1}},{"start":{},"end":{}}],"line":18},"1":{"loc":{"start":{"line":24,"column":17},"end":{"line":24,"column":100}},"type":"binary-expr","locations":[{"start":{"line":24,"column":17},"end":{"line":24,"column":38}},{"start":{"line":24,"column":43},"end":{"line":24,"column":99}}],"line":24},"2":{"loc":{"start":{"line":24,"column":43},"end":{"line":24,"column":99}},"type":"cond-expr","locations":[{"start":{"line":24,"column":83},"end":{"line":24,"column":89}},{"start":{"line":24,"column":92},"end":{"line":24,"column":99}}],"line":24},"3":{"loc":{"start":{"line":26,"column":9},"end":{"line":26,"column":62}},"type":"cond-expr","locations":[{"start":{"line":26,"column":43},"end":{"line":26,"column":51}},{"start":{"line":26,"column":54},"end":{"line":26,"column":62}}],"line":26},"4":{"loc":{"start":{"line":27,"column":13},"end":{"line":30,"column":15}},"type":"cond-expr","locations":[{"start":{"line":27,"column":90},"end":{"line":30,"column":3}},{"start":{"line":30,"column":6},"end":{"line":30,"column":15}}],"line":27},"5":{"loc":{"start":{"line":27,"column":14},"end":{"line":27,"column":86}},"type":"binary-expr","locations":[{"start":{"line":27,"column":14},"end":{"line":27,"column":51}},{"start":{"line":27,"column":55},"end":{"line":27,"column":86}}],"line":27},"6":{"loc":{"start":{"line":34,"column":13},"end":{"line":34,"column":37}},"type":"binary-expr","locations":[{"start":{"line":34,"column":13},"end":{"line":34,"column":29}},{"start":{"line":34,"column":33},"end":{"line":34,"column":37}}],"line":34},"7":{"loc":{"start":{"line":35,"column":17},"end":{"line":35,"column":54}},"type":"binary-expr","locations":[{"start":{"line":35,"column":17},"end":{"line":35,"column":37}},{"start":{"line":35,"column":41},"end":{"line":35,"column":54}}],"line":35},"8":{"loc":{"start":{"line":39,"column":23},"end":{"line":41,"column":59}},"type":"cond-expr","locations":[{"start":{"line":40,"column":4},"end":{"line":40,"column":30}},{"start":{"line":41,"column":5},"end":{"line":41,"column":58}}],"line":39},"9":{"loc":{"start":{"line":41,"column":5},"end":{"line":41,"column":58}},"type":"binary-expr","locations":[{"start":{"line":41,"column":5},"end":{"line":41,"column":31}},{"start":{"line":41,"column":35},"end":{"line":41,"column":58}}],"line":41},"10":{"loc":{"start":{"line":43,"column":0},"end":{"line":45,"column":1}},"type":"if","locations":[{"start":{"line":43,"column":0},"end":{"line":45,"column":1}},{"start":{},"end":{}}],"line":43},"11":{"loc":{"start":{"line":43,"column":4},"end":{"line":43,"column":47}},"type":"binary-expr","locations":[{"start":{"line":43,"column":4},"end":{"line":43,"column":16}},{"start":{"line":43,"column":20},"end":{"line":43,"column":47}}],"line":43},"12":{"loc":{"start":{"line":75,"column":4},"end":{"line":75,"column":45}},"type":"if","locations":[{"start":{"line":75,"column":4},"end":{"line":75,"column":45}},{"start":{},"end":{}}],"line":75},"13":{"loc":{"start":{"line":77,"column":4},"end":{"line":92,"column":5}},"type":"if","locations":[{"start":{"line":77,"column":4},"end":{"line":92,"column":5}},{"start":{"line":85,"column":11},"end":{"line":92,"column":5}}],"line":77},"14":{"loc":{"start":{"line":79,"column":6},"end":{"line":84,"column":7}},"type":"if","locations":[{"start":{"line":79,"column":6},"end":{"line":84,"column":7}},{"start":{"line":81,"column":13},"end":{"line":84,"column":7}}],"line":79},"15":{"loc":{"start":{"line":87,"column":6},"end":{"line":91,"column":7}},"type":"if","locations":[{"start":{"line":87,"column":6},"end":{"line":91,"column":7}},{"start":{"line":89,"column":13},"end":{"line":91,"column":7}}],"line":87},"16":{"loc":{"start":{"line":87,"column":10},"end":{"line":87,"column":88}},"type":"binary-expr","locations":[{"start":{"line":87,"column":10},"end":{"line":87,"column":47}},{"start":{"line":87,"column":51},"end":{"line":87,"column":88}}],"line":87},"17":{"loc":{"start":{"line":127,"column":15},"end":{"line":127,"column":54}},"type":"cond-expr","locations":[{"start":{"line":127,"column":33},"end":{"line":127,"column":41}},{"start":{"line":127,"column":44},"end":{"line":127,"column":54}}],"line":127},"18":{"loc":{"start":{"line":150,"column":15},"end":{"line":150,"column":95}},"type":"binary-expr","locations":[{"start":{"line":150,"column":15},"end":{"line":150,"column":40}},{"start":{"line":150,"column":44},"end":{"line":150,"column":95}}],"line":150},"19":{"loc":{"start":{"line":173,"column":4},"end":{"line":179,"column":5}},"type":"if","locations":[{"start":{"line":173,"column":4},"end":{"line":179,"column":5}},{"start":{},"end":{}}],"line":173},"20":{"loc":{"start":{"line":196,"column":15},"end":{"line":196,"column":85}},"type":"cond-expr","locations":[{"start":{"line":196,"column":30},"end":{"line":196,"column":69}},{"start":{"line":196,"column":72},"end":{"line":196,"column":85}}],"line":196},"21":{"loc":{"start":{"line":214,"column":2},"end":{"line":219,"column":3}},"type":"if","locations":[{"start":{"line":214,"column":2},"end":{"line":219,"column":3}},{"start":{},"end":{}}],"line":214},"22":{"loc":{"start":{"line":223,"column":29},"end":{"line":223,"column":57}},"type":"binary-expr","locations":[{"start":{"line":223,"column":29},"end":{"line":223,"column":44}},{"start":{"line":223,"column":48},"end":{"line":223,"column":57}}],"line":223},"23":{"loc":{"start":{"line":227,"column":4},"end":{"line":233,"column":5}},"type":"if","locations":[{"start":{"line":227,"column":4},"end":{"line":233,"column":5}},{"start":{},"end":{}}],"line":227},"24":{"loc":{"start":{"line":238,"column":16},"end":{"line":238,"column":50}},"type":"binary-expr","locations":[{"start":{"line":238,"column":16},"end":{"line":238,"column":44}},{"start":{"line":238,"column":48},"end":{"line":238,"column":50}}],"line":238},"25":{"loc":{"start":{"line":239,"column":14},"end":{"line":239,"column":47}},"type":"binary-expr","locations":[{"start":{"line":239,"column":14},"end":{"line":239,"column":30}},{"start":{"line":239,"column":34},"end":{"line":239,"column":47}}],"line":239},"26":{"loc":{"start":{"line":256,"column":15},"end":{"line":256,"column":85}},"type":"cond-expr","locations":[{"start":{"line":256,"column":30},"end":{"line":256,"column":69}},{"start":{"line":256,"column":72},"end":{"line":256,"column":85}}],"line":256},"27":{"loc":{"start":{"line":273,"column":4},"end":{"line":279,"column":5}},"type":"if","locations":[{"start":{"line":273,"column":4},"end":{"line":279,"column":5}},{"start":{},"end":{}}],"line":273},"28":{"loc":{"start":{"line":283,"column":16},"end":{"line":283,"column":48}},"type":"binary-expr","locations":[{"start":{"line":283,"column":16},"end":{"line":283,"column":34}},{"start":{"line":283,"column":38},"end":{"line":283,"column":48}}],"line":283},"29":{"loc":{"start":{"line":284,"column":15},"end":{"line":284,"column":40}},"type":"binary-expr","locations":[{"start":{"line":284,"column":15},"end":{"line":284,"column":32}},{"start":{"line":284,"column":36},"end":{"line":284,"column":40}}],"line":284},"30":{"loc":{"start":{"line":285,"column":16},"end":{"line":285,"column":50}},"type":"binary-expr","locations":[{"start":{"line":285,"column":16},"end":{"line":285,"column":44}},{"start":{"line":285,"column":48},"end":{"line":285,"column":50}}],"line":285},"31":{"loc":{"start":{"line":302,"column":15},"end":{"line":302,"column":90}},"type":"cond-expr","locations":[{"start":{"line":302,"column":30},"end":{"line":302,"column":74}},{"start":{"line":302,"column":77},"end":{"line":302,"column":90}}],"line":302},"32":{"loc":{"start":{"line":338,"column":2},"end":{"line":343,"column":3}},"type":"if","locations":[{"start":{"line":338,"column":2},"end":{"line":343,"column":3}},{"start":{},"end":{}}],"line":338},"33":{"loc":{"start":{"line":351,"column":20},"end":{"line":351,"column":45}},"type":"binary-expr","locations":[{"start":{"line":351,"column":20},"end":{"line":351,"column":35}},{"start":{"line":351,"column":39},"end":{"line":351,"column":45}}],"line":351},"34":{"loc":{"start":{"line":370,"column":14},"end":{"line":370,"column":46}},"type":"binary-expr","locations":[{"start":{"line":370,"column":14},"end":{"line":370,"column":18}},{"start":{"line":370,"column":22},"end":{"line":370,"column":46}}],"line":370},"35":{"loc":{"start":{"line":393,"column":15},"end":{"line":393,"column":84}},"type":"cond-expr","locations":[{"start":{"line":393,"column":30},"end":{"line":393,"column":68}},{"start":{"line":393,"column":71},"end":{"line":393,"column":84}}],"line":393},"36":{"loc":{"start":{"line":425,"column":13},"end":{"line":425,"column":30}},"type":"binary-expr","locations":[{"start":{"line":425,"column":13},"end":{"line":425,"column":23}},{"start":{"line":425,"column":27},"end":{"line":425,"column":30}}],"line":425},"37":{"loc":{"start":{"line":427,"column":13},"end":{"line":427,"column":72}},"type":"cond-expr","locations":[{"start":{"line":427,"column":28},"end":{"line":427,"column":58}},{"start":{"line":427,"column":61},"end":{"line":427,"column":72}}],"line":427},"38":{"loc":{"start":{"line":434,"column":2},"end":{"line":436,"column":3}},"type":"if","locations":[{"start":{"line":434,"column":2},"end":{"line":436,"column":3}},{"start":{},"end":{}}],"line":434},"39":{"loc":{"start":{"line":445,"column":2},"end":{"line":447,"column":3}},"type":"if","locations":[{"start":{"line":445,"column":2},"end":{"line":447,"column":3}},{"start":{},"end":{}}],"line":445},"40":{"loc":{"start":{"line":456,"column":0},"end":{"line":489,"column":1}},"type":"if","locations":[{"start":{"line":456,"column":0},"end":{"line":489,"column":1}},{"start":{},"end":{}}],"line":456},"41":{"loc":{"start":{"line":468,"column":31},"end":{"line":468,"column":101}},"type":"cond-expr","locations":[{"start":{"line":468,"column":57},"end":{"line":468,"column":71}},{"start":{"line":468,"column":74},"end":{"line":468,"column":101}}],"line":468}},"s":{"0":1,"1":1,"2":0,"3":0,"4":1,"5":1,"6":1,"7":1,"8":1,"9":1,"10":1,"11":1,"12":0,"13":1,"14":1,"15":1,"16":1,"17":11,"18":11,"19":0,"20":0,"21":0,"22":0,"23":0,"24":0,"25":0,"26":0,"27":1,"28":1,"29":0,"30":0,"31":1,"32":1,"33":1,"34":1,"35":1,"36":0,"37":0,"38":1,"39":1,"40":1,"41":1,"42":0,"43":1,"44":1,"45":1,"46":0,"47":0,"48":1,"49":0,"50":0,"51":0,"52":0,"53":0,"54":0,"55":0,"56":0,"57":0,"58":0,"59":0,"60":0,"61":0,"62":0,"63":0,"64":1,"65":0,"66":0,"67":0,"68":0,"69":0,"70":0,"71":0,"72":0,"73":0,"74":0,"75":0,"76":0,"77":1,"78":0,"79":0,"80":1,"81":8,"82":8,"83":5,"84":3,"85":3,"86":3,"87":3,"88":3,"89":3,"90":3,"91":3,"92":3,"93":3,"94":3,"95":3,"96":0,"97":0,"98":1,"99":1,"100":0,"101":1,"102":1,"103":1,"104":1,"105":0,"106":0,"107":0,"108":0,"109":0,"110":0,"111":1,"112":0,"113":0,"114":0,"115":0,"116":0,"117":0,"118":1,"119":0,"120":0,"121":0,"122":0,"123":0,"124":0,"125":0,"126":0,"127":0,"128":0,"129":0,"130":0,"131":0,"132":0,"133":0,"134":0,"135":0,"136":0,"137":0,"138":0,"139":0},"f":{"0":11,"1":0,"2":1,"3":0,"4":1,"5":0,"6":0,"7":0,"8":8,"9":0,"10":1,"11":0,"12":0,"13":0,"14":0,"15":0},"b":{"0":[0,1],"1":[1,1],"2":[0,1],"3":[1,0],"4":[0,1],"5":[1,1],"6":[1,1],"7":[1,0],"8":[0,1],"9":[1,1],"10":[0,1],"11":[1,0],"12":[11,0],"13":[0,0],"14":[0,0],"15":[0,0],"16":[0,0],"17":[0,1],"18":[0,0],"19":[0,1],"20":[0,0],"21":[0,0],"22":[0,0],"23":[0,0],"24":[0,0],"25":[0,0],"26":[0,0],"27":[0,0],"28":[0,0],"29":[0,0],"30":[0,0],"31":[0,0],"32":[5,3],"33":[3,1],"34":[3,2],"35":[0,0],"36":[1,0],"37":[0,1],"38":[0,0],"39":[0,0],"40":[0,1],"41":[0,0]},"inputSourceMap":null,"_coverageSchema":"1a1c01bbd47fc00a2c39e90264f33305004495a9","hash":"515d9a8272ea1cd094aae7dcf0d0f53ce2330679"}
,"/home/runner/work/Government_Shutdown_Interactive_Dashboard/Government_Shutdown_Interactive_Dashboard/backend/adapters/newsapi.js": {"path":"/home/runner/work/Government_Shutdown_Interactive_Dashboard/Government_Shutdown_Interactive_Dashboard/backend/adapters/newsapi.js","statementMap":{"0":{"start":{"line":6,"column":26},"end":{"line":6,"column":50}},"1":{"start":{"line":7,"column":22},"end":{"line":7,"column":63}},"2":{"start":{"line":8,"column":21},"end":{"line":8,"column":24}},"3":{"start":{"line":18,"column":21},"end":{"line":18,"column":42}},"4":{"start":{"line":19,"column":20},"end":{"line":19,"column":65}},"5":{"start":{"line":19,"column":37},"end":{"line":19,"column":55}},"6":{"start":{"line":21,"column":2},"end":{"line":31,"column":3}},"7":{"start":{"line":22,"column":21},"end":{"line":25,"column":6}},"8":{"start":{"line":26,"column":4},"end":{"line":26,"column":28}},"9":{"start":{"line":27,"column":4},"end":{"line":27,"column":20}},"10":{"start":{"line":29,"column":4},"end":{"line":29,"column":28}},"11":{"start":{"line":30,"column":4},"end":{"line":30,"column":16}},"12":{"start":{"line":41,"column":2},"end":{"line":41,"column":51}},"13":{"start":{"line":41,"column":41},"end":{"line":41,"column":51}},"14":{"start":{"line":44,"column":18},"end":{"line":44,"column":48}},"15":{"start":{"line":48,"column":19},"end":{"line":48,"column":20}},"16":{"start":{"line":49,"column":2},"end":{"line":58,"column":3}},"17":{"start":{"line":50,"column":4},"end":{"line":50,"column":34}},"18":{"start":{"line":51,"column":4},"end":{"line":57,"column":35}},"19":{"start":{"line":61,"column":24},"end":{"line":67,"column":3}},"20":{"start":{"line":69,"column":2},"end":{"line":74,"column":5}},"21":{"start":{"line":70,"column":20},"end":{"line":70,"column":77}},"22":{"start":{"line":71,"column":4},"end":{"line":71,"column":47}},"23":{"start":{"line":72,"column":21},"end":{"line":72,"column":72}},"24":{"start":{"line":73,"column":4},"end":{"line":73,"column":48}},"25":{"start":{"line":76,"column":2},"end":{"line":76,"column":19}},"26":{"start":{"line":85,"column":2},"end":{"line":93,"column":4}},"27":{"start":{"line":102,"column":2},"end":{"line":102,"column":54}},"28":{"start":{"line":102,"column":41},"end":{"line":102,"column":54}},"29":{"start":{"line":103,"column":2},"end":{"line":103,"column":41}},"30":{"start":{"line":103,"column":28},"end":{"line":103,"column":41}},"31":{"start":{"line":104,"column":2},"end":{"line":104,"column":50}},"32":{"start":{"line":104,"column":37},"end":{"line":104,"column":50}},"33":{"start":{"line":105,"column":2},"end":{"line":105,"column":14}},"34":{"start":{"line":115,"column":2},"end":{"line":121,"column":3}},"35":{"start":{"line":116,"column":4},"end":{"line":120,"column":6}},"36":{"start":{"line":123,"column":2},"end":{"line":173,"column":3}},"37":{"start":{"line":124,"column":18},"end":{"line":124,"column":48}},"38":{"start":{"line":125,"column":21},"end":{"line":125,"column":67}},"39":{"start":{"line":126,"column":21},"end":{"line":126,"column":45}},"40":{"start":{"line":127,"column":19},"end":{"line":127,"column":50}},"41":{"start":{"line":129,"column":16},"end":{"line":129,"column":58}},"42":{"start":{"line":130,"column":4},"end":{"line":130,"column":40}},"43":{"start":{"line":131,"column":4},"end":{"line":131,"column":61}},"44":{"start":{"line":132,"column":4},"end":{"line":132,"column":50}},"45":{"start":{"line":133,"column":4},"end":{"line":133,"column":46}},"46":{"start":{"line":134,"column":4},"end":{"line":134,"column":46}},"47":{"start":{"line":136,"column":21},"end":{"line":136,"column":66}},"48":{"start":{"line":138,"column":4},"end":{"line":140,"column":5}},"49":{"start":{"line":139,"column":6},"end":{"line":139,"column":73}},"50":{"start":{"line":142,"column":17},"end":{"line":142,"column":38}},"51":{"start":{"line":144,"column":4},"end":{"line":146,"column":5}},"52":{"start":{"line":145,"column":6},"end":{"line":145,"column":71}},"53":{"start":{"line":149,"column":21},"end":{"line":154,"column":9}},"54":{"start":{"line":151,"column":32},"end":{"line":154,"column":7}},"55":{"start":{"line":156,"column":4},"end":{"line":160,"column":6}},"56":{"start":{"line":162,"column":4},"end":{"line":162,"column":57}},"57":{"start":{"line":165,"column":4},"end":{"line":172,"column":6}},"58":{"start":{"line":183,"column":2},"end":{"line":189,"column":3}},"59":{"start":{"line":184,"column":4},"end":{"line":188,"column":6}},"60":{"start":{"line":191,"column":2},"end":{"line":238,"column":3}},"61":{"start":{"line":192,"column":21},"end":{"line":192,"column":51}},"62":{"start":{"line":193,"column":20},"end":{"line":193,"column":43}},"63":{"start":{"line":194,"column":21},"end":{"line":194,"column":67}},"64":{"start":{"line":196,"column":16},"end":{"line":196,"column":61}},"65":{"start":{"line":197,"column":4},"end":{"line":197,"column":50}},"66":{"start":{"line":198,"column":4},"end":{"line":198,"column":48}},"67":{"start":{"line":199,"column":4},"end":{"line":199,"column":61}},"68":{"start":{"line":200,"column":4},"end":{"line":200,"column":46}},"69":{"start":{"line":202,"column":21},"end":{"line":202,"column":66}},"70":{"start":{"line":204,"column":4},"end":{"line":206,"column":5}},"71":{"start":{"line":205,"column":6},"end":{"line":205,"column":73}},"72":{"start":{"line":208,"column":17},"end":{"line":208,"column":38}},"73":{"start":{"line":210,"column":4},"end":{"line":212,"column":5}},"74":{"start":{"line":211,"column":6},"end":{"line":211,"column":71}},"75":{"start":{"line":215,"column":21},"end":{"line":220,"column":9}},"76":{"start":{"line":217,"column":32},"end":{"line":220,"column":7}},"77":{"start":{"line":222,"column":4},"end":{"line":226,"column":6}},"78":{"start":{"line":228,"column":4},"end":{"line":228,"column":66}},"79":{"start":{"line":230,"column":4},"end":{"line":237,"column":6}}},"fnMap":{"0":{"name":"fetchWithTimeout","decl":{"start":{"line":17,"column":15},"end":{"line":17,"column":31}},"loc":{"start":{"line":17,"column":68},"end":{"line":32,"column":1}},"line":17},"1":{"name":"(anonymous_1)","decl":{"start":{"line":19,"column":31},"end":{"line":19,"column":32}},"loc":{"start":{"line":19,"column":37},"end":{"line":19,"column":55}},"line":19},"2":{"name":"sanitizeText","decl":{"start":{"line":40,"column":9},"end":{"line":40,"column":21}},"loc":{"start":{"line":40,"column":28},"end":{"line":77,"column":1}},"line":40},"3":{"name":"(anonymous_3)","decl":{"start":{"line":69,"column":24},"end":{"line":69,"column":25}},"loc":{"start":{"line":69,"column":35},"end":{"line":74,"column":3}},"line":69},"4":{"name":"sanitizeArticle","decl":{"start":{"line":84,"column":9},"end":{"line":84,"column":24}},"loc":{"start":{"line":84,"column":34},"end":{"line":94,"column":1}},"line":84},"5":{"name":"validateResponse","decl":{"start":{"line":101,"column":9},"end":{"line":101,"column":25}},"loc":{"start":{"line":101,"column":32},"end":{"line":106,"column":1}},"line":101},"6":{"name":"fetchNews","decl":{"start":{"line":114,"column":22},"end":{"line":114,"column":31}},"loc":{"start":{"line":114,"column":54},"end":{"line":174,"column":1}},"line":114},"7":{"name":"(anonymous_7)","decl":{"start":{"line":151,"column":11},"end":{"line":151,"column":12}},"loc":{"start":{"line":151,"column":32},"end":{"line":154,"column":7}},"line":151},"8":{"name":"fetchTopHeadlines","decl":{"start":{"line":182,"column":22},"end":{"line":182,"column":39}},"loc":{"start":{"line":182,"column":62},"end":{"line":239,"column":1}},"line":182},"9":{"name":"(anonymous_9)","decl":{"start":{"line":217,"column":11},"end":{"line":217,"column":12}},"loc":{"start":{"line":217,"column":32},"end":{"line":220,"column":7}},"line":217}},"branchMap":{"0":{"loc":{"start":{"line":17,"column":37},"end":{"line":17,"column":52}},"type":"default-arg","locations":[{"start":{"line":17,"column":47},"end":{"line":17,"column":52}}],"line":17},"1":{"loc":{"start":{"line":17,"column":54},"end":{"line":17,"column":66}},"type":"default-arg","locations":[{"start":{"line":17,"column":64},"end":{"line":17,"column":66}}],"line":17},"2":{"loc":{"start":{"line":41,"column":2},"end":{"line":41,"column":51}},"type":"if","locations":[{"start":{"line":41,"column":2},"end":{"line":41,"column":51}},{"start":{},"end":{}}],"line":41},"3":{"loc":{"start":{"line":41,"column":6},"end":{"line":41,"column":39}},"type":"binary-expr","locations":[{"start":{"line":41,"column":6},"end":{"line":41,"column":11}},{"start":{"line":41,"column":15},"end":{"line":41,"column":39}}],"line":41},"4":{"loc":{"start":{"line":88,"column":9},"end":{"line":88,"column":93}},"type":"cond-expr","locations":[{"start":{"line":88,"column":58},"end":{"line":88,"column":88}},{"start":{"line":88,"column":91},"end":{"line":88,"column":93}}],"line":88},"5":{"loc":{"start":{"line":88,"column":9},"end":{"line":88,"column":55}},"type":"binary-expr","locations":[{"start":{"line":88,"column":9},"end":{"line":88,"column":20}},{"start":{"line":88,"column":24},"end":{"line":88,"column":55}}],"line":88},"6":{"loc":{"start":{"line":89,"column":12},"end":{"line":89,"column":80}},"type":"cond-expr","locations":[{"start":{"line":89,"column":35},"end":{"line":89,"column":68}},{"start":{"line":89,"column":71},"end":{"line":89,"column":80}}],"line":89},"7":{"loc":{"start":{"line":91,"column":17},"end":{"line":91,"column":42}},"type":"binary-expr","locations":[{"start":{"line":91,"column":17},"end":{"line":91,"column":36}},{"start":{"line":91,"column":40},"end":{"line":91,"column":42}}],"line":91},"8":{"loc":{"start":{"line":92,"column":16},"end":{"line":92,"column":121}},"type":"cond-expr","locations":[{"start":{"line":92,"column":79},"end":{"line":92,"column":116}},{"start":{"line":92,"column":119},"end":{"line":92,"column":121}}],"line":92},"9":{"loc":{"start":{"line":92,"column":16},"end":{"line":92,"column":76}},"type":"binary-expr","locations":[{"start":{"line":92,"column":16},"end":{"line":92,"column":34}},{"start":{"line":92,"column":38},"end":{"line":92,"column":76}}],"line":92},"10":{"loc":{"start":{"line":102,"column":2},"end":{"line":102,"column":54}},"type":"if","locations":[{"start":{"line":102,"column":2},"end":{"line":102,"column":54}},{"start":{},"end":{}}],"line":102},"11":{"loc":{"start":{"line":102,"column":6},"end":{"line":102,"column":39}},"type":"binary-expr","locations":[{"start":{"line":102,"column":6},"end":{"line":102,"column":11}},{"start":{"line":102,"column":15},"end":{"line":102,"column":39}}],"line":102},"12":{"loc":{"start":{"line":103,"column":2},"end":{"line":103,"column":41}},"type":"if","locations":[{"start":{"line":103,"column":2},"end":{"line":103,"column":41}},{"start":{},"end":{}}],"line":103},"13":{"loc":{"start":{"line":104,"column":2},"end":{"line":104,"column":50}},"type":"if","locations":[{"start":{"line":104,"column":2},"end":{"line":104,"column":50}},{"start":{},"end":{}}],"line":104},"14":{"loc":{"start":{"line":114,"column":40},"end":{"line":114,"column":52}},"type":"default-arg","locations":[{"start":{"line":114,"column":50},"end":{"line":114,"column":52}}],"line":114},"15":{"loc":{"start":{"line":115,"column":2},"end":{"line":121,"column":3}},"type":"if","locations":[{"start":{"line":115,"column":2},"end":{"line":121,"column":3}},{"start":{},"end":{}}],"line":115},"16":{"loc":{"start":{"line":115,"column":6},"end":{"line":115,"column":51}},"type":"binary-expr","locations":[{"start":{"line":115,"column":6},"end":{"line":115,"column":13}},{"start":{"line":115,"column":17},"end":{"line":115,"column":51}}],"line":115},"17":{"loc":{"start":{"line":124,"column":18},"end":{"line":124,"column":48}},"type":"binary-expr","locations":[{"start":{"line":124,"column":18},"end":{"line":124,"column":31}},{"start":{"line":124,"column":35},"end":{"line":124,"column":48}}],"line":124},"18":{"loc":{"start":{"line":125,"column":30},"end":{"line":125,"column":52}},"type":"binary-expr","locations":[{"start":{"line":125,"column":30},"end":{"line":125,"column":46}},{"start":{"line":125,"column":50},"end":{"line":125,"column":52}}],"line":125},"19":{"loc":{"start":{"line":126,"column":21},"end":{"line":126,"column":45}},"type":"binary-expr","locations":[{"start":{"line":126,"column":21},"end":{"line":126,"column":37}},{"start":{"line":126,"column":41},"end":{"line":126,"column":45}}],"line":126},"20":{"loc":{"start":{"line":127,"column":19},"end":{"line":127,"column":50}},"type":"binary-expr","locations":[{"start":{"line":127,"column":19},"end":{"line":127,"column":33}},{"start":{"line":127,"column":37},"end":{"line":127,"column":50}}],"line":127},"21":{"loc":{"start":{"line":138,"column":4},"end":{"line":140,"column":5}},"type":"if","locations":[{"start":{"line":138,"column":4},"end":{"line":140,"column":5}},{"start":{},"end":{}}],"line":138},"22":{"loc":{"start":{"line":144,"column":4},"end":{"line":146,"column":5}},"type":"if","locations":[{"start":{"line":144,"column":4},"end":{"line":146,"column":5}},{"start":{},"end":{}}],"line":144},"23":{"loc":{"start":{"line":145,"column":22},"end":{"line":145,"column":69}},"type":"binary-expr","locations":[{"start":{"line":145,"column":22},"end":{"line":145,"column":34}},{"start":{"line":145,"column":38},"end":{"line":145,"column":69}}],"line":145},"24":{"loc":{"start":{"line":167,"column":15},"end":{"line":169,"column":57}},"type":"cond-expr","locations":[{"start":{"line":168,"column":10},"end":{"line":168,"column":64}},{"start":{"line":169,"column":10},"end":{"line":169,"column":57}}],"line":167},"25":{"loc":{"start":{"line":182,"column":48},"end":{"line":182,"column":60}},"type":"default-arg","locations":[{"start":{"line":182,"column":58},"end":{"line":182,"column":60}}],"line":182},"26":{"loc":{"start":{"line":183,"column":2},"end":{"line":189,"column":3}},"type":"if","locations":[{"start":{"line":183,"column":2},"end":{"line":189,"column":3}},{"start":{},"end":{}}],"line":183},"27":{"loc":{"start":{"line":183,"column":6},"end":{"line":183,"column":51}},"type":"binary-expr","locations":[{"start":{"line":183,"column":6},"end":{"line":183,"column":13}},{"start":{"line":183,"column":17},"end":{"line":183,"column":51}}],"line":183},"28":{"loc":{"start":{"line":192,"column":21},"end":{"line":192,"column":51}},"type":"binary-expr","locations":[{"start":{"line":192,"column":21},"end":{"line":192,"column":37}},{"start":{"line":192,"column":41},"end":{"line":192,"column":51}}],"line":192},"29":{"loc":{"start":{"line":193,"column":20},"end":{"line":193,"column":43}},"type":"binary-expr","locations":[{"start":{"line":193,"column":20},"end":{"line":193,"column":35}},{"start":{"line":193,"column":39},"end":{"line":193,"column":43}}],"line":193},"30":{"loc":{"start":{"line":194,"column":30},"end":{"line":194,"column":52}},"type":"binary-expr","locations":[{"start":{"line":194,"column":30},"end":{"line":194,"column":46}},{"start":{"line":194,"column":50},"end":{"line":194,"column":52}}],"line":194},"31":{"loc":{"start":{"line":204,"column":4},"end":{"line":206,"column":5}},"type":"if","locations":[{"start":{"line":204,"column":4},"end":{"line":206,"column":5}},{"start":{},"end":{}}],"line":204},"32":{"loc":{"start":{"line":210,"column":4},"end":{"line":212,"column":5}},"type":"if","locations":[{"start":{"line":210,"column":4},"end":{"line":212,"column":5}},{"start":{},"end":{}}],"line":210},"33":{"loc":{"start":{"line":211,"column":22},"end":{"line":211,"column":69}},"type":"binary-expr","locations":[{"start":{"line":211,"column":22},"end":{"line":211,"column":34}},{"start":{"line":211,"column":38},"end":{"line":211,"column":69}}],"line":211},"34":{"loc":{"start":{"line":232,"column":15},"end":{"line":234,"column":38}},"type":"cond-expr","locations":[{"start":{"line":233,"column":10},"end":{"line":233,"column":64}},{"start":{"line":234,"column":10},"end":{"line":234,"column":38}}],"line":232}},"s":{"0":1,"1":1,"2":1,"3":0,"4":0,"5":0,"6":0,"7":0,"8":0,"9":0,"10":0,"11":0,"12":0,"13":0,"14":0,"15":0,"16":0,"17":0,"18":0,"19":0,"20":0,"21":0,"22":0,"23":0,"24":0,"25":0,"26":0,"27":0,"28":0,"29":0,"30":0,"31":0,"32":0,"33":0,"34":0,"35":0,"36":0,"37":0,"38":0,"39":0,"40":0,"41":0,"42":0,"43":0,"44":0,"45":0,"46":0,"47":0,"48":0,"49":0,"50":0,"51":0,"52":0,"53":0,"54":0,"55":0,"56":0,"57":0,"58":0,"59":0,"60":0,"61":0,"62":0,"63":0,"64":0,"65":0,"66":0,"67":0,"68":0,"69":0,"70":0,"71":0,"72":0,"73":0,"74":0,"75":0,"76":0,"77":0,"78":0,"79":0},"f":{"0":0,"1":0,"2":0,"3":0,"4":0,"5":0,"6":0,"7":0,"8":0,"9":0},"b":{"0":[0],"1":[0],"2":[0,0],"3":[0,0],"4":[0,0],"5":[0,0],"6":[0,0],"7":[0,0],"8":[0,0],"9":[0,0],"10":[0,0],"11":[0,0],"12":[0,0],"13":[0,0],"14":[0],"15":[0,0],"16":[0,0],"17":[0,0],"18":[0,0],"19":[0,0],"20":[0,0],"21":[0,0],"22":[0,0],"23":[0,0],"24":[0,0],"25":[0],"26":[0,0],"27":[0,0],"28":[0,0],"29":[0,0],"30":[0,0],"31":[0,0],"32":[0,0],"33":[0,0],"34":[0,0]},"inputSourceMap":null,"_coverageSchema":"1a1c01bbd47fc00a2c39e90264f33305004495a9","hash":"e8fd7829b2001adadfd2e6043da581e493ad8718"}
,"/home/runner/work/Government_Shutdown_Interactive_Dashboard/Government_Shutdown_Interactive_Dashboard/backend/adapters/wiki.js": {"path":"/home/runner/work/Government_Shutdown_Interactive_Dashboard/Government_Shutdown_Interactive_Dashboard/backend/adapters/wiki.js","statementMap":{"0":{"start":{"line":8,"column":17},"end":{"line":8,"column":90}},"1":{"start":{"line":9,"column":20},"end":{"line":9,"column":21}},"2":{"start":{"line":10,"column":28},"end":{"line":10,"column":32}},"3":{"start":{"line":11,"column":17},"end":{"line":11,"column":20}},"4":{"start":{"line":21,"column":21},"end":{"line":21,"column":42}},"5":{"start":{"line":22,"column":20},"end":{"line":22,"column":65}},"6":{"start":{"line":22,"column":37},"end":{"line":22,"column":55}},"7":{"start":{"line":24,"column":2},"end":{"line":34,"column":3}},"8":{"start":{"line":25,"column":21},"end":{"line":28,"column":6}},"9":{"start":{"line":29,"column":4},"end":{"line":29,"column":28}},"10":{"start":{"line":30,"column":4},"end":{"line":30,"column":20}},"11":{"start":{"line":32,"column":4},"end":{"line":32,"column":28}},"12":{"start":{"line":33,"column":4},"end":{"line":33,"column":16}},"13":{"start":{"line":43,"column":2},"end":{"line":43,"column":57}},"14":{"start":{"line":43,"column":32},"end":{"line":43,"column":55}},"15":{"start":{"line":53,"column":2},"end":{"line":53,"column":51}},"16":{"start":{"line":53,"column":41},"end":{"line":53,"column":51}},"17":{"start":{"line":56,"column":18},"end":{"line":56,"column":48}},"18":{"start":{"line":60,"column":19},"end":{"line":60,"column":20}},"19":{"start":{"line":61,"column":2},"end":{"line":70,"column":3}},"20":{"start":{"line":62,"column":4},"end":{"line":62,"column":34}},"21":{"start":{"line":63,"column":4},"end":{"line":69,"column":35}},"22":{"start":{"line":73,"column":24},"end":{"line":79,"column":3}},"23":{"start":{"line":81,"column":2},"end":{"line":86,"column":5}},"24":{"start":{"line":82,"column":20},"end":{"line":82,"column":77}},"25":{"start":{"line":83,"column":4},"end":{"line":83,"column":47}},"26":{"start":{"line":84,"column":21},"end":{"line":84,"column":72}},"27":{"start":{"line":85,"column":4},"end":{"line":85,"column":48}},"28":{"start":{"line":88,"column":2},"end":{"line":88,"column":19}},"29":{"start":{"line":97,"column":2},"end":{"line":97,"column":59}},"30":{"start":{"line":97,"column":47},"end":{"line":97,"column":59}},"31":{"start":{"line":99,"column":20},"end":{"line":99,"column":41}},"32":{"start":{"line":102,"column":22},"end":{"line":102,"column":141}},"33":{"start":{"line":104,"column":2},"end":{"line":106,"column":3}},"34":{"start":{"line":105,"column":4},"end":{"line":105,"column":21}},"35":{"start":{"line":108,"column":2},"end":{"line":108,"column":14}},"36":{"start":{"line":117,"column":2},"end":{"line":204,"column":3}},"37":{"start":{"line":118,"column":21},"end":{"line":122,"column":6}},"38":{"start":{"line":124,"column":4},"end":{"line":126,"column":5}},"39":{"start":{"line":125,"column":6},"end":{"line":125,"column":73}},"40":{"start":{"line":128,"column":17},"end":{"line":128,"column":38}},"41":{"start":{"line":129,"column":14},"end":{"line":129,"column":32}},"42":{"start":{"line":130,"column":22},"end":{"line":130,"column":24}},"43":{"start":{"line":134,"column":4},"end":{"line":175,"column":7}},"44":{"start":{"line":135,"column":6},"end":{"line":135,"column":53}},"45":{"start":{"line":135,"column":40},"end":{"line":135,"column":53}},"46":{"start":{"line":137,"column":22},"end":{"line":137,"column":24}},"47":{"start":{"line":140,"column":6},"end":{"line":142,"column":9}},"48":{"start":{"line":141,"column":8},"end":{"line":141,"column":49}},"49":{"start":{"line":145,"column":6},"end":{"line":174,"column":7}},"50":{"start":{"line":145,"column":28},"end":{"line":145,"column":100}},"51":{"start":{"line":147,"column":8},"end":{"line":173,"column":11}},"52":{"start":{"line":148,"column":10},"end":{"line":148,"column":57}},"53":{"start":{"line":148,"column":44},"end":{"line":148,"column":57}},"54":{"start":{"line":150,"column":24},"end":{"line":150,"column":41}},"55":{"start":{"line":152,"column":10},"end":{"line":172,"column":11}},"56":{"start":{"line":153,"column":29},"end":{"line":153,"column":61}},"57":{"start":{"line":154,"column":34},"end":{"line":154,"column":56}},"58":{"start":{"line":156,"column":12},"end":{"line":158,"column":13}},"59":{"start":{"line":157,"column":14},"end":{"line":157,"column":21}},"60":{"start":{"line":160,"column":29},"end":{"line":169,"column":13}},"61":{"start":{"line":171,"column":12},"end":{"line":171,"column":37}},"62":{"start":{"line":178,"column":4},"end":{"line":180,"column":5}},"63":{"start":{"line":179,"column":6},"end":{"line":179,"column":37}},"64":{"start":{"line":182,"column":4},"end":{"line":182,"column":21}},"65":{"start":{"line":185,"column":4},"end":{"line":187,"column":5}},"66":{"start":{"line":186,"column":6},"end":{"line":186,"column":97}},"67":{"start":{"line":190,"column":4},"end":{"line":197,"column":5}},"68":{"start":{"line":191,"column":20},"end":{"line":191,"column":65}},"69":{"start":{"line":192,"column":6},"end":{"line":194,"column":7}},"70":{"start":{"line":193,"column":8},"end":{"line":193,"column":49}},"71":{"start":{"line":195,"column":6},"end":{"line":195,"column":25}},"72":{"start":{"line":196,"column":6},"end":{"line":196,"column":53}},"73":{"start":{"line":200,"column":4},"end":{"line":202,"column":5}},"74":{"start":{"line":201,"column":6},"end":{"line":201,"column":66}},"75":{"start":{"line":203,"column":4},"end":{"line":203,"column":35}},"76":{"start":{"line":212,"column":2},"end":{"line":212,"column":35}},"77":{"start":{"line":221,"column":20},"end":{"line":221,"column":38}},"78":{"start":{"line":222,"column":19},"end":{"line":222,"column":21}},"79":{"start":{"line":223,"column":25},"end":{"line":233,"column":3}},"80":{"start":{"line":235,"column":2},"end":{"line":239,"column":5}},"81":{"start":{"line":236,"column":4},"end":{"line":238,"column":5}},"82":{"start":{"line":237,"column":6},"end":{"line":237,"column":28}},"83":{"start":{"line":241,"column":2},"end":{"line":241,"column":72}},"84":{"start":{"line":249,"column":2},"end":{"line":338,"column":4}}},"fnMap":{"0":{"name":"fetchWithTimeout","decl":{"start":{"line":20,"column":15},"end":{"line":20,"column":31}},"loc":{"start":{"line":20,"column":68},"end":{"line":35,"column":1}},"line":20},"1":{"name":"(anonymous_1)","decl":{"start":{"line":22,"column":31},"end":{"line":22,"column":32}},"loc":{"start":{"line":22,"column":37},"end":{"line":22,"column":55}},"line":22},"2":{"name":"sleep","decl":{"start":{"line":42,"column":9},"end":{"line":42,"column":14}},"loc":{"start":{"line":42,"column":19},"end":{"line":44,"column":1}},"line":42},"3":{"name":"(anonymous_3)","decl":{"start":{"line":43,"column":21},"end":{"line":43,"column":22}},"loc":{"start":{"line":43,"column":32},"end":{"line":43,"column":55}},"line":43},"4":{"name":"sanitizeText","decl":{"start":{"line":52,"column":9},"end":{"line":52,"column":21}},"loc":{"start":{"line":52,"column":28},"end":{"line":89,"column":1}},"line":52},"5":{"name":"(anonymous_5)","decl":{"start":{"line":81,"column":24},"end":{"line":81,"column":25}},"loc":{"start":{"line":81,"column":35},"end":{"line":86,"column":3}},"line":81},"6":{"name":"validateDate","decl":{"start":{"line":96,"column":9},"end":{"line":96,"column":21}},"loc":{"start":{"line":96,"column":31},"end":{"line":109,"column":1}},"line":96},"7":{"name":"fetchShutdownsWithRetry","decl":{"start":{"line":116,"column":15},"end":{"line":116,"column":38}},"loc":{"start":{"line":116,"column":55},"end":{"line":205,"column":1}},"line":116},"8":{"name":"(anonymous_8)","decl":{"start":{"line":134,"column":30},"end":{"line":134,"column":31}},"loc":{"start":{"line":134,"column":53},"end":{"line":175,"column":5}},"line":134},"9":{"name":"(anonymous_9)","decl":{"start":{"line":140,"column":50},"end":{"line":140,"column":51}},"loc":{"start":{"line":140,"column":61},"end":{"line":142,"column":7}},"line":140},"10":{"name":"(anonymous_10)","decl":{"start":{"line":145,"column":23},"end":{"line":145,"column":24}},"loc":{"start":{"line":145,"column":28},"end":{"line":145,"column":100}},"line":145},"11":{"name":"(anonymous_11)","decl":{"start":{"line":147,"column":42},"end":{"line":147,"column":43}},"loc":{"start":{"line":147,"column":61},"end":{"line":173,"column":9}},"line":147},"12":{"name":"fetchShutdowns","decl":{"start":{"line":211,"column":22},"end":{"line":211,"column":36}},"loc":{"start":{"line":211,"column":39},"end":{"line":213,"column":1}},"line":211},"13":{"name":"extractAffectedAgencies","decl":{"start":{"line":220,"column":9},"end":{"line":220,"column":32}},"loc":{"start":{"line":220,"column":39},"end":{"line":242,"column":1}},"line":220},"14":{"name":"(anonymous_14)","decl":{"start":{"line":235,"column":25},"end":{"line":235,"column":26}},"loc":{"start":{"line":235,"column":35},"end":{"line":239,"column":3}},"line":235},"15":{"name":"getSampleShutdownData","decl":{"start":{"line":248,"column":9},"end":{"line":248,"column":30}},"loc":{"start":{"line":248,"column":33},"end":{"line":339,"column":1}},"line":248}},"branchMap":{"0":{"loc":{"start":{"line":20,"column":37},"end":{"line":20,"column":52}},"type":"default-arg","locations":[{"start":{"line":20,"column":47},"end":{"line":20,"column":52}}],"line":20},"1":{"loc":{"start":{"line":20,"column":54},"end":{"line":20,"column":66}},"type":"default-arg","locations":[{"start":{"line":20,"column":64},"end":{"line":20,"column":66}}],"line":20},"2":{"loc":{"start":{"line":53,"column":2},"end":{"line":53,"column":51}},"type":"if","locations":[{"start":{"line":53,"column":2},"end":{"line":53,"column":51}},{"start":{},"end":{}}],"line":53},"3":{"loc":{"start":{"line":53,"column":6},"end":{"line":53,"column":39}},"type":"binary-expr","locations":[{"start":{"line":53,"column":6},"end":{"line":53,"column":11}},{"start":{"line":53,"column":15},"end":{"line":53,"column":39}}],"line":53},"4":{"loc":{"start":{"line":97,"column":2},"end":{"line":97,"column":59}},"type":"if","locations":[{"start":{"line":97,"column":2},"end":{"line":97,"column":59}},{"start":{},"end":{}}],"line":97},"5":{"loc":{"start":{"line":97,"column":6},"end":{"line":97,"column":45}},"type":"binary-expr","locations":[{"start":{"line":97,"column":6},"end":{"line":97,"column":14}},{"start":{"line":97,"column":18},"end":{"line":97,"column":45}}],"line":97},"6":{"loc":{"start":{"line":104,"column":2},"end":{"line":106,"column":3}},"type":"if","locations":[{"start":{"line":104,"column":2},"end":{"line":106,"column":3}},{"start":{},"end":{}}],"line":104},"7":{"loc":{"start":{"line":116,"column":39},"end":{"line":116,"column":53}},"type":"default-arg","locations":[{"start":{"line":116,"column":52},"end":{"line":116,"column":53}}],"line":116},"8":{"loc":{"start":{"line":124,"column":4},"end":{"line":126,"column":5}},"type":"if","locations":[{"start":{"line":124,"column":4},"end":{"line":126,"column":5}},{"start":{},"end":{}}],"line":124},"9":{"loc":{"start":{"line":135,"column":6},"end":{"line":135,"column":53}},"type":"if","locations":[{"start":{"line":135,"column":6},"end":{"line":135,"column":53}},{"start":{},"end":{}}],"line":135},"10":{"loc":{"start":{"line":145,"column":6},"end":{"line":174,"column":7}},"type":"if","locations":[{"start":{"line":145,"column":6},"end":{"line":174,"column":7}},{"start":{},"end":{}}],"line":145},"11":{"loc":{"start":{"line":145,"column":28},"end":{"line":145,"column":100}},"type":"binary-expr","locations":[{"start":{"line":145,"column":28},"end":{"line":145,"column":60}},{"start":{"line":145,"column":64},"end":{"line":145,"column":100}}],"line":145},"12":{"loc":{"start":{"line":148,"column":10},"end":{"line":148,"column":57}},"type":"if","locations":[{"start":{"line":148,"column":10},"end":{"line":148,"column":57}},{"start":{},"end":{}}],"line":148},"13":{"loc":{"start":{"line":152,"column":10},"end":{"line":172,"column":11}},"type":"if","locations":[{"start":{"line":152,"column":10},"end":{"line":172,"column":11}},{"start":{},"end":{}}],"line":152},"14":{"loc":{"start":{"line":156,"column":12},"end":{"line":158,"column":13}},"type":"if","locations":[{"start":{"line":156,"column":12},"end":{"line":158,"column":13}},{"start":{},"end":{}}],"line":156},"15":{"loc":{"start":{"line":165,"column":24},"end":{"line":165,"column":80}},"type":"cond-expr","locations":[{"start":{"line":165,"column":43},"end":{"line":165,"column":75}},{"start":{"line":165,"column":78},"end":{"line":165,"column":80}}],"line":165},"16":{"loc":{"start":{"line":166,"column":27},"end":{"line":166,"column":83}},"type":"cond-expr","locations":[{"start":{"line":166,"column":46},"end":{"line":166,"column":78}},{"start":{"line":166,"column":81},"end":{"line":166,"column":83}}],"line":166},"17":{"loc":{"start":{"line":178,"column":4},"end":{"line":180,"column":5}},"type":"if","locations":[{"start":{"line":178,"column":4},"end":{"line":180,"column":5}},{"start":{},"end":{}}],"line":178},"18":{"loc":{"start":{"line":185,"column":4},"end":{"line":187,"column":5}},"type":"if","locations":[{"start":{"line":185,"column":4},"end":{"line":187,"column":5}},{"start":{},"end":{}}],"line":185},"19":{"loc":{"start":{"line":190,"column":4},"end":{"line":197,"column":5}},"type":"if","locations":[{"start":{"line":190,"column":4},"end":{"line":197,"column":5}},{"start":{},"end":{}}],"line":190},"20":{"loc":{"start":{"line":192,"column":6},"end":{"line":194,"column":7}},"type":"if","locations":[{"start":{"line":192,"column":6},"end":{"line":194,"column":7}},{"start":{},"end":{}}],"line":192},"21":{"loc":{"start":{"line":200,"column":4},"end":{"line":202,"column":5}},"type":"if","locations":[{"start":{"line":200,"column":4},"end":{"line":202,"column":5}},{"start":{},"end":{}}],"line":200},"22":{"loc":{"start":{"line":236,"column":4},"end":{"line":238,"column":5}},"type":"if","locations":[{"start":{"line":236,"column":4},"end":{"line":238,"column":5}},{"start":{},"end":{}}],"line":236},"23":{"loc":{"start":{"line":241,"column":9},"end":{"line":241,"column":71}},"type":"cond-expr","locations":[{"start":{"line":241,"column":31},"end":{"line":241,"column":39}},{"start":{"line":241,"column":42},"end":{"line":241,"column":71}}],"line":241}},"s":{"0":1,"1":1,"2":1,"3":1,"4":4,"5":4,"6":0,"7":4,"8":4,"9":0,"10":0,"11":4,"12":4,"13":3,"14":3,"15":0,"16":0,"17":0,"18":0,"19":0,"20":0,"21":0,"22":0,"23":0,"24":0,"25":0,"26":0,"27":0,"28":0,"29":0,"30":0,"31":0,"32":0,"33":0,"34":0,"35":0,"36":4,"37":4,"38":0,"39":0,"40":0,"41":0,"42":0,"43":0,"44":0,"45":0,"46":0,"47":0,"48":0,"49":0,"50":0,"51":0,"52":0,"53":0,"54":0,"55":0,"56":0,"57":0,"58":0,"59":0,"60":0,"61":0,"62":0,"63":0,"64":0,"65":4,"66":0,"67":4,"68":3,"69":3,"70":0,"71":3,"72":3,"73":1,"74":0,"75":1,"76":1,"77":0,"78":0,"79":0,"80":0,"81":0,"82":0,"83":0,"84":1},"f":{"0":4,"1":0,"2":3,"3":3,"4":0,"5":0,"6":0,"7":4,"8":0,"9":0,"10":0,"11":0,"12":1,"13":0,"14":0,"15":1},"b":{"0":[0],"1":[0],"2":[0,0],"3":[0,0],"4":[0,0],"5":[0,0],"6":[0,0],"7":[1],"8":[0,0],"9":[0,0],"10":[0,0],"11":[0,0],"12":[0,0],"13":[0,0],"14":[0,0],"15":[0,0],"16":[0,0],"17":[0,0],"18":[0,4],"19":[3,1],"20":[0,3],"21":[0,1],"22":[0,0],"23":[0,0]},"inputSourceMap":null,"_coverageSchema":"1a1c01bbd47fc00a2c39e90264f33305004495a9","hash":"cd5bb91c6200513b02126eb5a6dca5891088c0fb"}
,"/home/runner/work/Government_Shutdown_Interactive_Dashboard/Government_Shutdown_Interactive_Dashboard/backend/services/updateScheduler.js": {"path":"/home/runner/work/Government_Shutdown_Interactive_Dashboard/Government_Shutdown_Interactive_Dashboard/backend/services/updateScheduler.js","statementMap":{"0":{"start":{"line":19,"column":2},"end":{"line":22,"column":3}},"1":{"start":{"line":20,"column":4},"end":{"line":20,"column":63}},"2":{"start":{"line":21,"column":4},"end":{"line":21,"column":69}},"3":{"start":{"line":24,"column":2},"end":{"line":26,"column":3}},"4":{"start":{"line":25,"column":4},"end":{"line":25,"column":70}},"5":{"start":{"line":28,"column":2},"end":{"line":28,"column":73}},"6":{"start":{"line":34,"column":4},"end":{"line":34,"column":60}},"7":{"start":{"line":35,"column":4},"end":{"line":49,"column":5}},"8":{"start":{"line":36,"column":24},"end":{"line":36,"column":46}},"9":{"start":{"line":37,"column":6},"end":{"line":37,"column":40}},"10":{"start":{"line":38,"column":6},"end":{"line":41,"column":47}},"11":{"start":{"line":42,"column":6},"end":{"line":42,"column":56}},"12":{"start":{"line":44,"column":6},"end":{"line":47,"column":43}},"13":{"start":{"line":48,"column":6},"end":{"line":48,"column":54}},"14":{"start":{"line":56,"column":4},"end":{"line":56,"column":56}},"15":{"start":{"line":58,"column":4},"end":{"line":61,"column":5}},"16":{"start":{"line":59,"column":6},"end":{"line":59,"column":70}},"17":{"start":{"line":60,"column":6},"end":{"line":60,"column":46}},"18":{"start":{"line":63,"column":4},"end":{"line":99,"column":5}},"19":{"start":{"line":65,"column":26},"end":{"line":69,"column":7}},"20":{"start":{"line":70,"column":23},"end":{"line":70,"column":63}},"21":{"start":{"line":71,"column":6},"end":{"line":71,"column":48}},"22":{"start":{"line":74,"column":31},"end":{"line":78,"column":7}},"23":{"start":{"line":79,"column":28},"end":{"line":79,"column":81}},"24":{"start":{"line":80,"column":6},"end":{"line":80,"column":50}},"25":{"start":{"line":82,"column":6},"end":{"line":86,"column":43}},"26":{"start":{"line":88,"column":6},"end":{"line":92,"column":8}},"27":{"start":{"line":94,"column":6},"end":{"line":97,"column":39}},"28":{"start":{"line":98,"column":6},"end":{"line":98,"column":54}},"29":{"start":{"line":106,"column":24},"end":{"line":106,"column":34}},"30":{"start":{"line":107,"column":4},"end":{"line":107,"column":64}},"31":{"start":{"line":109,"column":4},"end":{"line":129,"column":5}},"32":{"start":{"line":111,"column":43},"end":{"line":114,"column":8}},"33":{"start":{"line":116,"column":23},"end":{"line":116,"column":47}},"34":{"start":{"line":117,"column":6},"end":{"line":122,"column":58}},"35":{"start":{"line":125,"column":6},"end":{"line":128,"column":48}},"36":{"start":{"line":134,"column":15},"end":{"line":137,"column":4}},"37":{"start":{"line":139,"column":2},"end":{"line":143,"column":50}},"38":{"start":{"line":147,"column":29},"end":{"line":147,"column":33}},"39":{"start":{"line":150,"column":2},"end":{"line":157,"column":3}},"40":{"start":{"line":151,"column":4},"end":{"line":156,"column":13}},"41":{"start":{"line":152,"column":6},"end":{"line":152,"column":63}},"42":{"start":{"line":153,"column":6},"end":{"line":155,"column":9}},"43":{"start":{"line":154,"column":8},"end":{"line":154,"column":70}},"44":{"start":{"line":160,"column":2},"end":{"line":172,"column":4}},"45":{"start":{"line":164,"column":6},"end":{"line":164,"column":18}},"46":{"start":{"line":166,"column":6},"end":{"line":169,"column":7}},"47":{"start":{"line":167,"column":8},"end":{"line":167,"column":43}},"48":{"start":{"line":168,"column":8},"end":{"line":168,"column":36}},"49":{"start":{"line":170,"column":6},"end":{"line":170,"column":46}}},"fnMap":{"0":{"name":"initUpdateScheduler","decl":{"start":{"line":17,"column":16},"end":{"line":17,"column":35}},"loc":{"start":{"line":17,"column":63},"end":{"line":173,"column":1}},"line":17},"1":{"name":"updateShutdownData","decl":{"start":{"line":33,"column":17},"end":{"line":33,"column":35}},"loc":{"start":{"line":33,"column":38},"end":{"line":50,"column":3}},"line":33},"2":{"name":"updateNewsData","decl":{"start":{"line":55,"column":17},"end":{"line":55,"column":31}},"loc":{"start":{"line":55,"column":34},"end":{"line":100,"column":3}},"line":55},"3":{"name":"performScheduledUpdate","decl":{"start":{"line":105,"column":17},"end":{"line":105,"column":39}},"loc":{"start":{"line":105,"column":42},"end":{"line":130,"column":3}},"line":105},"4":{"name":"(anonymous_4)","decl":{"start":{"line":151,"column":38},"end":{"line":151,"column":39}},"loc":{"start":{"line":151,"column":44},"end":{"line":156,"column":5}},"line":151},"5":{"name":"(anonymous_5)","decl":{"start":{"line":153,"column":37},"end":{"line":153,"column":38}},"loc":{"start":{"line":153,"column":44},"end":{"line":155,"column":7}},"line":153},"6":{"name":"(anonymous_6)","decl":{"start":{"line":163,"column":10},"end":{"line":163,"column":11}},"loc":{"start":{"line":163,"column":16},"end":{"line":171,"column":5}},"line":163}},"branchMap":{"0":{"loc":{"start":{"line":19,"column":2},"end":{"line":22,"column":3}},"type":"if","locations":[{"start":{"line":19,"column":2},"end":{"line":22,"column":3}},{"start":{},"end":{}}],"line":19},"1":{"loc":{"start":{"line":19,"column":6},"end":{"line":19,"column":47}},"type":"binary-expr","locations":[{"start":{"line":19,"column":6},"end":{"line":19,"column":12}},{"start":{"line":19,"column":16},"end":{"line":19,"column":47}}],"line":19},"2":{"loc":{"start":{"line":24,"column":2},"end":{"line":26,"column":3}},"type":"if","locations":[{"start":{"line":24,"column":2},"end":{"line":26,"column":3}},{"start":{},"end":{}}],"line":24},"3":{"loc":{"start":{"line":24,"column":6},"end":{"line":24,"column":50}},"type":"binary-expr","locations":[{"start":{"line":24,"column":6},"end":{"line":24,"column":13}},{"start":{"line":24,"column":17},"end":{"line":24,"column":50}}],"line":24},"4":{"loc":{"start":{"line":58,"column":4},"end":{"line":61,"column":5}},"type":"if","locations":[{"start":{"line":58,"column":4},"end":{"line":61,"column":5}},{"start":{},"end":{}}],"line":58},"5":{"loc":{"start":{"line":58,"column":8},"end":{"line":58,"column":61}},"type":"binary-expr","locations":[{"start":{"line":58,"column":8},"end":{"line":58,"column":19}},{"start":{"line":58,"column":23},"end":{"line":58,"column":61}}],"line":58},"6":{"loc":{"start":{"line":83,"column":19},"end":{"line":83,"column":49}},"type":"binary-expr","locations":[{"start":{"line":83,"column":19},"end":{"line":83,"column":44}},{"start":{"line":83,"column":48},"end":{"line":83,"column":49}}],"line":83},"7":{"loc":{"start":{"line":84,"column":24},"end":{"line":84,"column":59}},"type":"binary-expr","locations":[{"start":{"line":84,"column":24},"end":{"line":84,"column":54}},{"start":{"line":84,"column":58},"end":{"line":84,"column":59}}],"line":84},"8":{"loc":{"start":{"line":90,"column":19},"end":{"line":90,"column":49}},"type":"binary-expr","locations":[{"start":{"line":90,"column":19},"end":{"line":90,"column":44}},{"start":{"line":90,"column":48},"end":{"line":90,"column":49}}],"line":90},"9":{"loc":{"start":{"line":91,"column":24},"end":{"line":91,"column":59}},"type":"binary-expr","locations":[{"start":{"line":91,"column":24},"end":{"line":91,"column":54}},{"start":{"line":91,"column":58},"end":{"line":91,"column":59}}],"line":91},"10":{"loc":{"start":{"line":118,"column":24},"end":{"line":118,"column":105}},"type":"cond-expr","locations":[{"start":{"line":118,"column":64},"end":{"line":118,"column":84}},{"start":{"line":118,"column":87},"end":{"line":118,"column":105}}],"line":118},"11":{"loc":{"start":{"line":119,"column":20},"end":{"line":119,"column":93}},"type":"cond-expr","locations":[{"start":{"line":119,"column":56},"end":{"line":119,"column":72}},{"start":{"line":119,"column":75},"end":{"line":119,"column":93}}],"line":119},"12":{"loc":{"start":{"line":150,"column":2},"end":{"line":157,"column":3}},"type":"if","locations":[{"start":{"line":150,"column":2},"end":{"line":157,"column":3}},{"start":{},"end":{}}],"line":150},"13":{"loc":{"start":{"line":166,"column":6},"end":{"line":169,"column":7}},"type":"if","locations":[{"start":{"line":166,"column":6},"end":{"line":169,"column":7}},{"start":{},"end":{}}],"line":166}},"s":{"0":9,"1":1,"2":1,"3":8,"4":1,"5":7,"6":3,"7":3,"8":3,"9":1,"10":1,"11":1,"12":2,"13":2,"14":3,"15":3,"16":1,"17":1,"18":2,"19":2,"20":2,"21":2,"22":2,"23":2,"24":2,"25":2,"26":0,"27":2,"28":2,"29":3,"30":3,"31":3,"32":3,"33":3,"34":3,"35":0,"36":7,"37":7,"38":7,"39":7,"40":0,"41":0,"42":0,"43":0,"44":7,"45":8,"46":8,"47":0,"48":0,"49":8},"f":{"0":9,"1":3,"2":3,"3":3,"4":0,"5":0,"6":8},"b":{"0":[1,8],"1":[9,8],"2":[1,7],"3":[8,7],"4":[1,2],"5":[3,2],"6":[2,0],"7":[0,0],"8":[0,0],"9":[0,0],"10":[3,0],"11":[3,0],"12":[0,7],"13":[0,8]},"inputSourceMap":null,"_coverageSchema":"1a1c01bbd47fc00a2c39e90264f33305004495a9","hash":"56640cc447d66c2bada7f330b9f01f3bc9d93430"}
}
