TN:
SF:server.js
FN:73,(anonymous_0)
FN:107,(anonymous_1)
FN:123,(anonymous_2)
FN:135,(anonymous_3)
FN:169,(anonymous_4)
FN:211,(anonymous_5)
FN:266,(anonymous_6)
FN:313,(anonymous_7)
FN:335,(anonymous_8)
FN:406,(anonymous_9)
FN:423,(anonymous_10)
FN:432,(anonymous_11)
FN:437,(anonymous_12)
FN:443,(anonymous_13)
FN:448,(anonymous_14)
FN:457,(anonymous_15)
FNF:16
FNH:5
FNDA:11,(anonymous_0)
FNDA:0,(anonymous_1)
FNDA:1,(anonymous_2)
FNDA:0,(anonymous_3)
FNDA:1,(anonymous_4)
FNDA:0,(anonymous_5)
FNDA:0,(anonymous_6)
FNDA:0,(anonymous_7)
FNDA:8,(anonymous_8)
FNDA:0,(anonymous_9)
FNDA:1,(anonymous_10)
FNDA:0,(anonymous_11)
FNDA:0,(anonymous_12)
FNDA:0,(anonymous_13)
FNDA:0,(anonymous_14)
FNDA:0,(anonymous_15)
DA:15,1
DA:18,1
DA:19,0
DA:20,0
DA:24,1
DA:25,1
DA:33,1
DA:34,1
DA:35,1
DA:36,1
DA:39,1
DA:43,1
DA:44,0
DA:48,1
DA:51,1
DA:69,1
DA:72,1
DA:75,11
DA:77,0
DA:79,0
DA:80,0
DA:82,0
DA:83,0
DA:87,0
DA:88,0
DA:90,0
DA:98,1
DA:101,1
DA:108,0
DA:109,0
DA:117,1
DA:120,1
DA:123,1
DA:124,1
DA:135,1
DA:136,0
DA:161,0
DA:169,1
DA:170,1
DA:172,1
DA:173,1
DA:174,0
DA:182,1
DA:185,1
DA:187,1
DA:193,0
DA:194,0
DA:206,1
DA:213,0
DA:214,0
DA:215,0
DA:221,0
DA:222,0
DA:223,0
DA:226,0
DA:227,0
DA:228,0
DA:236,0
DA:242,0
DA:245,0
DA:247,0
DA:253,0
DA:254,0
DA:266,1
DA:267,0
DA:268,0
DA:269,0
DA:272,0
DA:273,0
DA:274,0
DA:282,0
DA:288,0
DA:291,0
DA:293,0
DA:299,0
DA:300,0
DA:313,1
DA:314,0
DA:317,0
DA:330,1
DA:337,8
DA:338,8
DA:339,5
DA:345,3
DA:346,3
DA:349,3
DA:350,3
DA:351,3
DA:354,3
DA:357,3
DA:360,3
DA:361,3
DA:364,3
DA:366,3
DA:388,3
DA:390,0
DA:391,0
DA:399,1
DA:406,1
DA:407,0
DA:423,1
DA:424,1
DA:425,1
DA:432,1
DA:433,0
DA:434,0
DA:435,0
DA:437,0
DA:438,0
DA:439,0
DA:443,1
DA:444,0
DA:445,0
DA:446,0
DA:448,0
DA:449,0
DA:450,0
DA:456,1
DA:457,0
DA:458,0
DA:465,0
DA:466,0
DA:467,0
DA:468,0
DA:469,0
DA:470,0
DA:471,0
DA:472,0
DA:473,0
DA:474,0
DA:475,0
DA:476,0
DA:477,0
DA:478,0
DA:481,0
DA:482,0
DA:483,0
DA:485,0
DA:486,0
LF:139
LH:56
BRDA:18,0,0,0
BRDA:18,0,1,1
BRDA:24,1,0,1
BRDA:24,1,1,1
BRDA:24,2,0,0
BRDA:24,2,1,1
BRDA:26,3,0,1
BRDA:26,3,1,0
BRDA:27,4,0,0
BRDA:27,4,1,1
BRDA:27,5,0,1
BRDA:27,5,1,1
BRDA:34,6,0,1
BRDA:34,6,1,1
BRDA:35,7,0,1
BRDA:35,7,1,0
BRDA:39,8,0,0
BRDA:39,8,1,1
BRDA:41,9,0,1
BRDA:41,9,1,1
BRDA:43,10,0,0
BRDA:43,10,1,1
BRDA:43,11,0,1
BRDA:43,11,1,0
BRDA:75,12,0,11
BRDA:75,12,1,0
BRDA:77,13,0,0
BRDA:77,13,1,0
BRDA:79,14,0,0
BRDA:79,14,1,0
BRDA:87,15,0,0
BRDA:87,15,1,0
BRDA:87,16,0,0
BRDA:87,16,1,0
BRDA:127,17,0,0
BRDA:127,17,1,1
BRDA:150,18,0,0
BRDA:150,18,1,0
BRDA:173,19,0,0
BRDA:173,19,1,1
BRDA:196,20,0,0
BRDA:196,20,1,0
BRDA:214,21,0,0
BRDA:214,21,1,0
BRDA:223,22,0,0
BRDA:223,22,1,0
BRDA:227,23,0,0
BRDA:227,23,1,0
BRDA:238,24,0,0
BRDA:238,24,1,0
BRDA:239,25,0,0
BRDA:239,25,1,0
BRDA:256,26,0,0
BRDA:256,26,1,0
BRDA:273,27,0,0
BRDA:273,27,1,0
BRDA:283,28,0,0
BRDA:283,28,1,0
BRDA:284,29,0,0
BRDA:284,29,1,0
BRDA:285,30,0,0
BRDA:285,30,1,0
BRDA:302,31,0,0
BRDA:302,31,1,0
BRDA:338,32,0,5
BRDA:338,32,1,3
BRDA:351,33,0,3
BRDA:351,33,1,1
BRDA:370,34,0,3
BRDA:370,34,1,2
BRDA:393,35,0,0
BRDA:393,35,1,0
BRDA:425,36,0,1
BRDA:425,36,1,0
BRDA:427,37,0,0
BRDA:427,37,1,1
BRDA:434,38,0,0
BRDA:434,38,1,0
BRDA:445,39,0,0
BRDA:445,39,1,0
BRDA:456,40,0,0
BRDA:456,40,1,1
BRDA:468,41,0,0
BRDA:468,41,1,0
BRF:84
BRH:28
end_of_record
TN:
SF:adapters/newsapi.js
FN:17,fetchWithTimeout
FN:19,(anonymous_1)
FN:40,sanitizeText
FN:69,(anonymous_3)
FN:84,sanitizeArticle
FN:101,validateResponse
FN:114,fetchNews
FN:151,(anonymous_7)
FN:182,fetchTopHeadlines
FN:217,(anonymous_9)
FNF:10
FNH:0
FNDA:0,fetchWithTimeout
FNDA:0,(anonymous_1)
FNDA:0,sanitizeText
FNDA:0,(anonymous_3)
FNDA:0,sanitizeArticle
FNDA:0,validateResponse
FNDA:0,fetchNews
FNDA:0,(anonymous_7)
FNDA:0,fetchTopHeadlines
FNDA:0,(anonymous_9)
DA:6,1
DA:7,1
DA:8,1
DA:18,0
DA:19,0
DA:21,0
DA:22,0
DA:26,0
DA:27,0
DA:29,0
DA:30,0
DA:41,0
DA:44,0
DA:48,0
DA:49,0
DA:50,0
DA:51,0
DA:61,0
DA:69,0
DA:70,0
DA:71,0
DA:72,0
DA:73,0
DA:76,0
DA:85,0
DA:102,0
DA:103,0
DA:104,0
DA:105,0
DA:115,0
DA:116,0
DA:123,0
DA:124,0
DA:125,0
DA:126,0
DA:127,0
DA:129,0
DA:130,0
DA:131,0
DA:132,0
DA:133,0
DA:134,0
DA:136,0
DA:138,0
DA:139,0
DA:142,0
DA:144,0
DA:145,0
DA:149,0
DA:151,0
DA:156,0
DA:162,0
DA:165,0
DA:183,0
DA:184,0
DA:191,0
DA:192,0
DA:193,0
DA:194,0
DA:196,0
DA:197,0
DA:198,0
DA:199,0
DA:200,0
DA:202,0
DA:204,0
DA:205,0
DA:208,0
DA:210,0
DA:211,0
DA:215,0
DA:217,0
DA:222,0
DA:228,0
DA:230,0
LF:75
LH:3
BRDA:17,0,0,0
BRDA:17,1,0,0
BRDA:41,2,0,0
BRDA:41,2,1,0
BRDA:41,3,0,0
BRDA:41,3,1,0
BRDA:88,4,0,0
BRDA:88,4,1,0
BRDA:88,5,0,0
BRDA:88,5,1,0
BRDA:89,6,0,0
BRDA:89,6,1,0
BRDA:91,7,0,0
BRDA:91,7,1,0
BRDA:92,8,0,0
BRDA:92,8,1,0
BRDA:92,9,0,0
BRDA:92,9,1,0
BRDA:102,10,0,0
BRDA:102,10,1,0
BRDA:102,11,0,0
BRDA:102,11,1,0
BRDA:103,12,0,0
BRDA:103,12,1,0
BRDA:104,13,0,0
BRDA:104,13,1,0
BRDA:114,14,0,0
BRDA:115,15,0,0
BRDA:115,15,1,0
BRDA:115,16,0,0
BRDA:115,16,1,0
BRDA:124,17,0,0
BRDA:124,17,1,0
BRDA:125,18,0,0
BRDA:125,18,1,0
BRDA:126,19,0,0
BRDA:126,19,1,0
BRDA:127,20,0,0
BRDA:127,20,1,0
BRDA:138,21,0,0
BRDA:138,21,1,0
BRDA:144,22,0,0
BRDA:144,22,1,0
BRDA:145,23,0,0
BRDA:145,23,1,0
BRDA:167,24,0,0
BRDA:167,24,1,0
BRDA:182,25,0,0
BRDA:183,26,0,0
BRDA:183,26,1,0
BRDA:183,27,0,0
BRDA:183,27,1,0
BRDA:192,28,0,0
BRDA:192,28,1,0
BRDA:193,29,0,0
BRDA:193,29,1,0
BRDA:194,30,0,0
BRDA:194,30,1,0
BRDA:204,31,0,0
BRDA:204,31,1,0
BRDA:210,32,0,0
BRDA:210,32,1,0
BRDA:211,33,0,0
BRDA:211,33,1,0
BRDA:232,34,0,0
BRDA:232,34,1,0
BRF:66
BRH:0
end_of_record
TN:
SF:adapters/wiki.js
FN:20,fetchWithTimeout
FN:22,(anonymous_1)
FN:42,sleep
FN:43,(anonymous_3)
FN:52,sanitizeText
FN:81,(anonymous_5)
FN:96,validateDate
FN:116,fetchShutdownsWithRetry
FN:134,(anonymous_8)
FN:140,(anonymous_9)
FN:145,(anonymous_10)
FN:147,(anonymous_11)
FN:211,fetchShutdowns
FN:220,extractAffectedAgencies
FN:235,(anonymous_14)
FN:248,getSampleShutdownData
FNF:16
FNH:6
FNDA:4,fetchWithTimeout
FNDA:0,(anonymous_1)
FNDA:3,sleep
FNDA:3,(anonymous_3)
FNDA:0,sanitizeText
FNDA:0,(anonymous_5)
FNDA:0,validateDate
FNDA:4,fetchShutdownsWithRetry
FNDA:0,(anonymous_8)
FNDA:0,(anonymous_9)
FNDA:0,(anonymous_10)
FNDA:0,(anonymous_11)
FNDA:1,fetchShutdowns
FNDA:0,extractAffectedAgencies
FNDA:0,(anonymous_14)
FNDA:1,getSampleShutdownData
DA:8,1
DA:9,1
DA:10,1
DA:11,1
DA:21,4
DA:22,4
DA:24,4
DA:25,4
DA:29,0
DA:30,0
DA:32,4
DA:33,4
DA:43,3
DA:53,0
DA:56,0
DA:60,0
DA:61,0
DA:62,0
DA:63,0
DA:73,0
DA:81,0
DA:82,0
DA:83,0
DA:84,0
DA:85,0
DA:88,0
DA:97,0
DA:99,0
DA:102,0
DA:104,0
DA:105,0
DA:108,0
DA:117,4
DA:118,4
DA:124,0
DA:125,0
DA:128,0
DA:129,0
DA:130,0
DA:134,0
DA:135,0
DA:137,0
DA:140,0
DA:141,0
DA:145,0
DA:147,0
DA:148,0
DA:150,0
DA:152,0
DA:153,0
DA:154,0
DA:156,0
DA:157,0
DA:160,0
DA:171,0
DA:178,0
DA:179,0
DA:182,0
DA:185,4
DA:186,0
DA:190,4
DA:191,3
DA:192,3
DA:193,0
DA:195,3
DA:196,3
DA:200,1
DA:201,0
DA:203,1
DA:212,1
DA:221,0
DA:222,0
DA:223,0
DA:235,0
DA:236,0
DA:237,0
DA:241,0
DA:249,1
LF:78
LH:23
BRDA:20,0,0,0
BRDA:20,1,0,0
BRDA:53,2,0,0
BRDA:53,2,1,0
BRDA:53,3,0,0
BRDA:53,3,1,0
BRDA:97,4,0,0
BRDA:97,4,1,0
BRDA:97,5,0,0
BRDA:97,5,1,0
BRDA:104,6,0,0
BRDA:104,6,1,0
BRDA:116,7,0,1
BRDA:124,8,0,0
BRDA:124,8,1,0
BRDA:135,9,0,0
BRDA:135,9,1,0
BRDA:145,10,0,0
BRDA:145,10,1,0
BRDA:145,11,0,0
BRDA:145,11,1,0
BRDA:148,12,0,0
BRDA:148,12,1,0
BRDA:152,13,0,0
BRDA:152,13,1,0
BRDA:156,14,0,0
BRDA:156,14,1,0
BRDA:165,15,0,0
BRDA:165,15,1,0
BRDA:166,16,0,0
BRDA:166,16,1,0
BRDA:178,17,0,0
BRDA:178,17,1,0
BRDA:185,18,0,0
BRDA:185,18,1,4
BRDA:190,19,0,3
BRDA:190,19,1,1
BRDA:192,20,0,0
BRDA:192,20,1,3
BRDA:200,21,0,0
BRDA:200,21,1,1
BRDA:236,22,0,0
BRDA:236,22,1,0
BRDA:241,23,0,0
BRDA:241,23,1,0
BRF:45
BRH:6
end_of_record
TN:
SF:services/updateScheduler.js
FN:17,initUpdateScheduler
FN:33,updateShutdownData
FN:55,updateNewsData
FN:105,performScheduledUpdate
FN:151,(anonymous_4)
FN:153,(anonymous_5)
FN:163,(anonymous_6)
FNF:7
FNH:5
FNDA:9,initUpdateScheduler
FNDA:3,updateShutdownData
FNDA:3,updateNewsData
FNDA:3,performScheduledUpdate
FNDA:0,(anonymous_4)
FNDA:0,(anonymous_5)
FNDA:8,(anonymous_6)
DA:19,9
DA:20,1
DA:21,1
DA:24,8
DA:25,1
DA:28,7
DA:34,3
DA:35,3
DA:36,3
DA:37,1
DA:38,1
DA:42,1
DA:44,2
DA:48,2
DA:56,3
DA:58,3
DA:59,1
DA:60,1
DA:63,2
DA:65,2
DA:70,2
DA:71,2
DA:74,2
DA:79,2
DA:80,2
DA:82,2
DA:88,0
DA:94,2
DA:98,2
DA:106,3
DA:107,3
DA:109,3
DA:111,3
DA:116,3
DA:117,3
DA:125,0
DA:134,7
DA:139,7
DA:147,7
DA:150,7
DA:151,0
DA:152,0
DA:153,0
DA:154,0
DA:160,7
DA:164,8
DA:166,8
DA:167,0
DA:168,0
DA:170,8
LF:50
LH:42
BRDA:19,0,0,1
BRDA:19,0,1,8
BRDA:19,1,0,9
BRDA:19,1,1,8
BRDA:24,2,0,1
BRDA:24,2,1,7
BRDA:24,3,0,8
BRDA:24,3,1,7
BRDA:58,4,0,1
BRDA:58,4,1,2
BRDA:58,5,0,3
BRDA:58,5,1,2
BRDA:83,6,0,2
BRDA:83,6,1,0
BRDA:84,7,0,0
BRDA:84,7,1,0
BRDA:90,8,0,0
BRDA:90,8,1,0
BRDA:91,9,0,0
BRDA:91,9,1,0
BRDA:118,10,0,3
BRDA:118,10,1,0
BRDA:119,11,0,3
BRDA:119,11,1,0
BRDA:150,12,0,0
BRDA:150,12,1,7
BRDA:166,13,0,0
BRDA:166,13,1,8
BRF:28
BRH:17
end_of_record
